<?xml version="1.0" encoding="UTF-8"?>
<!-- Generated by org.testng.reporters.JUnitReportReporter -->
<testsuite hostname="LAPTOP-CULASPTF" failures="0" tests="4" name="com.anhtester.Bai25_ParallelExecution.ChromeTest" time="37.958" errors="0" timestamp="2024-07-28T18:37:44 ICT" skipped="0">
  <testcase classname="com.anhtester.Bai25_ParallelExecution.ChromeTest" name="ChromeTestMethod03" time="24.461"/>
  <testcase classname="com.anhtester.Bai25_ParallelExecution.ChromeTest" name="ChromeTestMethod04" time="4.050"/>
  <testcase classname="com.anhtester.Bai25_ParallelExecution.ChromeTest" name="ChromeTestMethod01" time="5.427"/>
  <testcase classname="com.anhtester.Bai25_ParallelExecution.ChromeTest" name="ChromeTestMethod02" time="4.020"/>
</testsuite> <!-- com.anhtester.Bai25_ParallelExecution.ChromeTest -->
