<?xml version="1.0" encoding="UTF-8"?>
<!-- Generated by org.testng.reporters.JUnitReportReporter -->
<testsuite hostname="LAPTOP-CULASPTF" failures="0" tests="3" name="com.anhtester.Bai25_ParallelExecution.ParallelTest" time="24.710" errors="0" timestamp="2024-07-28T18:37:44 ICT" skipped="0">
  <testcase classname="com.anhtester.Bai25_ParallelExecution.ParallelTest" name="ChromeTest" time="6.107"/>
  <testcase classname="com.anhtester.Bai25_ParallelExecution.ParallelTest" name="EdgeTest" time="7.616"/>
  <testcase classname="com.anhtester.Bai25_ParallelExecution.ParallelTest" name="FirefoxTest" time="10.987"/>
</testsuite> <!-- com.anhtester.Bai25_ParallelExecution.ParallelTest -->
