<?xml version="1.0" encoding="UTF-8"?>
<!-- Generated by org.testng.reporters.JUnitReportReporter -->
<testsuite hostname="LAPTOP-CULASPTF" failures="0" tests="4" name="com.anhtester.Bai25_ParallelExecution.EdgeTest" time="22.391" errors="0" timestamp="2024-07-28T18:37:44 ICT" skipped="0">
  <testcase classname="com.anhtester.Bai25_ParallelExecution.EdgeTest" name="EdgeTestMethod03" time="5.529"/>
  <testcase classname="com.anhtester.Bai25_ParallelExecution.EdgeTest" name="EdgeTestMethod02" time="5.396"/>
  <testcase classname="com.anhtester.Bai25_ParallelExecution.EdgeTest" name="EdgeTestMethod01" time="5.959"/>
  <testcase classname="com.anhtester.Bai25_ParallelExecution.EdgeTest" name="EdgeTestMethod04" time="5.507"/>
</testsuite> <!-- com.anhtester.Bai25_ParallelExecution.EdgeTest -->
